Start testing: Jun 20 23:34 EDT
----------------------------------------------------------
1/4 Testing: OrderTest.CreatesValidLimitOrder
1/4 Test: OrderTest.CreatesValidLimitOrder
Command: "/Users/saisowmithreddykatkuri/Desktop/Projects/limit-order-book/build/tests/order_book_tests" "--gtest_filter=OrderTest.CreatesValidLimitOrder" "--gtest_also_run_disabled_tests"
Directory: /Users/saisowmithreddykatkuri/Desktop/Projects/limit-order-book/build/tests
"OrderTest.CreatesValidLimitOrder" start time: Jun 20 23:34 EDT
Output:
----------------------------------------------------------
Running main() from /Users/saisowmithreddykatkuri/Desktop/Projects/limit-order-book/build/_deps/googletest-src/googletest/src/gtest_main.cc
Note: Google Test filter = OrderTest.CreatesValidLimitOrder
[==========] Running 1 test from 1 test suite.
[----------] Global test environment set-up.
[----------] 1 test from OrderTest
[ RUN      ] OrderTest.CreatesValidLimitOrder
[       OK ] OrderTest.CreatesValidLimitOrder (0 ms)
[----------] 1 test from OrderTest (0 ms total)

[----------] Global test environment tear-down
[==========] 1 test from 1 test suite ran. (0 ms total)
[  PASSED  ] 1 test.
<end of output>
Test time =   0.01 sec
----------------------------------------------------------
Test Passed.
"OrderTest.CreatesValidLimitOrder" end time: Jun 20 23:34 EDT
"OrderTest.CreatesValidLimitOrder" time elapsed: 00:00:00
----------------------------------------------------------

2/4 Testing: OrderTest.SupportsPartialFill
2/4 Test: OrderTest.SupportsPartialFill
Command: "/Users/saisowmithreddykatkuri/Desktop/Projects/limit-order-book/build/tests/order_book_tests" "--gtest_filter=OrderTest.SupportsPartialFill" "--gtest_also_run_disabled_tests"
Directory: /Users/saisowmithreddykatkuri/Desktop/Projects/limit-order-book/build/tests
"OrderTest.SupportsPartialFill" start time: Jun 20 23:34 EDT
Output:
----------------------------------------------------------
Running main() from /Users/saisowmithreddykatkuri/Desktop/Projects/limit-order-book/build/_deps/googletest-src/googletest/src/gtest_main.cc
Note: Google Test filter = OrderTest.SupportsPartialFill
[==========] Running 1 test from 1 test suite.
[----------] Global test environment set-up.
[----------] 1 test from OrderTest
[ RUN      ] OrderTest.SupportsPartialFill
[       OK ] OrderTest.SupportsPartialFill (0 ms)
[----------] 1 test from OrderTest (0 ms total)

[----------] Global test environment tear-down
[==========] 1 test from 1 test suite ran. (0 ms total)
[  PASSED  ] 1 test.
<end of output>
Test time =   0.01 sec
----------------------------------------------------------
Test Passed.
"OrderTest.SupportsPartialFill" end time: Jun 20 23:34 EDT
"OrderTest.SupportsPartialFill" time elapsed: 00:00:00
----------------------------------------------------------

3/4 Testing: OrderTest.SupportsFullFill
3/4 Test: OrderTest.SupportsFullFill
Command: "/Users/saisowmithreddykatkuri/Desktop/Projects/limit-order-book/build/tests/order_book_tests" "--gtest_filter=OrderTest.SupportsFullFill" "--gtest_also_run_disabled_tests"
Directory: /Users/saisowmithreddykatkuri/Desktop/Projects/limit-order-book/build/tests
"OrderTest.SupportsFullFill" start time: Jun 20 23:34 EDT
Output:
----------------------------------------------------------
Running main() from /Users/saisowmithreddykatkuri/Desktop/Projects/limit-order-book/build/_deps/googletest-src/googletest/src/gtest_main.cc
Note: Google Test filter = OrderTest.SupportsFullFill
[==========] Running 1 test from 1 test suite.
[----------] Global test environment set-up.
[----------] 1 test from OrderTest
[ RUN      ] OrderTest.SupportsFullFill
[       OK ] OrderTest.SupportsFullFill (0 ms)
[----------] 1 test from OrderTest (0 ms total)

[----------] Global test environment tear-down
[==========] 1 test from 1 test suite ran. (0 ms total)
[  PASSED  ] 1 test.
<end of output>
Test time =   0.01 sec
----------------------------------------------------------
Test Passed.
"OrderTest.SupportsFullFill" end time: Jun 20 23:34 EDT
"OrderTest.SupportsFullFill" time elapsed: 00:00:00
----------------------------------------------------------

4/4 Testing: OrderTest.RejectsZeroQuantity
4/4 Test: OrderTest.RejectsZeroQuantity
Command: "/Users/saisowmithreddykatkuri/Desktop/Projects/limit-order-book/build/tests/order_book_tests" "--gtest_filter=OrderTest.RejectsZeroQuantity" "--gtest_also_run_disabled_tests"
Directory: /Users/saisowmithreddykatkuri/Desktop/Projects/limit-order-book/build/tests
"OrderTest.RejectsZeroQuantity" start time: Jun 20 23:34 EDT
Output:
----------------------------------------------------------
Running main() from /Users/saisowmithreddykatkuri/Desktop/Projects/limit-order-book/build/_deps/googletest-src/googletest/src/gtest_main.cc
Note: Google Test filter = OrderTest.RejectsZeroQuantity
[==========] Running 1 test from 1 test suite.
[----------] Global test environment set-up.
[----------] 1 test from OrderTest
[ RUN      ] OrderTest.RejectsZeroQuantity
[       OK ] OrderTest.RejectsZeroQuantity (0 ms)
[----------] 1 test from OrderTest (0 ms total)

[----------] Global test environment tear-down
[==========] 1 test from 1 test suite ran. (0 ms total)
[  PASSED  ] 1 test.
<end of output>
Test time =   0.01 sec
----------------------------------------------------------
Test Passed.
"OrderTest.RejectsZeroQuantity" end time: Jun 20 23:34 EDT
"OrderTest.RejectsZeroQuantity" time elapsed: 00:00:00
----------------------------------------------------------

End testing: Jun 20 23:34 EDT
